<?xml version="1.0" encoding="UTF-8"?>
<testsuite xmlns:xsi="http://www.w3.org/2001/XMLSchema-instance" xsi:noNamespaceSchemaLocation="https://maven.apache.org/surefire/maven-surefire-plugin/xsd/surefire-test-report-3.0.xsd" version="3.0" name="com.boha.kasietransie.KasieTransieBackendApplicationTests" time="3.44" tests="1" errors="0" skipped="0" failures="0">
  <properties>
    <property name="java.specification.version" value="19"/>
    <property name="sun.jnu.encoding" value="UTF-8"/>
    <property name="java.class.path" value="/Users/aubreymalabie/Work/aftarobot/kasie_transie_backend/target/test-classes:/Users/aubreymalabie/Work/aftarobot/kasie_transie_backend/target/classes:/Users/aubreymalabie/.m2/repository/org/springframework/boot/spring-boot-starter-data-mongodb/3.1.0/spring-boot-starter-data-mongodb-3.1.0.jar:/Users/aubreymalabie/.m2/repository/org/springframework/boot/spring-boot-starter/3.1.0/spring-boot-starter-3.1.0.jar:/Users/aubreymalabie/.m2/repository/org/springframework/boot/spring-boot-autoconfigure/3.1.0/spring-boot-autoconfigure-3.1.0.jar:/Users/aubreymalabie/.m2/repository/org/springframework/boot/spring-boot-starter-logging/3.1.0/spring-boot-starter-logging-3.1.0.jar:/Users/aubreymalabie/.m2/repository/ch/qos/logback/logback-classic/1.4.7/logback-classic-1.4.7.jar:/Users/aubreymalabie/.m2/repository/ch/qos/logback/logback-core/1.4.7/logback-core-1.4.7.jar:/Users/aubreymalabie/.m2/repository/org/apache/logging/log4j/log4j-to-slf4j/2.20.0/log4j-to-slf4j-2.20.0.jar:/Users/aubreymalabie/.m2/repository/org/apache/logging/log4j/log4j-api/2.20.0/log4j-api-2.20.0.jar:/Users/aubreymalabie/.m2/repository/org/slf4j/jul-to-slf4j/2.0.7/jul-to-slf4j-2.0.7.jar:/Users/aubreymalabie/.m2/repository/jakarta/annotation/jakarta.annotation-api/2.1.1/jakarta.annotation-api-2.1.1.jar:/Users/aubreymalabie/.m2/repository/org/yaml/snakeyaml/1.33/snakeyaml-1.33.jar:/Users/aubreymalabie/.m2/repository/org/mongodb/mongodb-driver-sync/4.9.1/mongodb-driver-sync-4.9.1.jar:/Users/aubreymalabie/.m2/repository/org/mongodb/bson/4.9.1/bson-4.9.1.jar:/Users/aubreymalabie/.m2/repository/org/mongodb/mongodb-driver-core/4.9.1/mongodb-driver-core-4.9.1.jar:/Users/aubreymalabie/.m2/repository/org/mongodb/bson-record-codec/4.9.1/bson-record-codec-4.9.1.jar:/Users/aubreymalabie/.m2/repository/org/springframework/data/spring-data-mongodb/4.1.0/spring-data-mongodb-4.1.0.jar:/Users/aubreymalabie/.m2/repository/org/springframework/spring-tx/6.0.9/spring-tx-6.0.9.jar:/Users/aubreymalabie/.m2/repository/org/springframework/spring-context/6.0.9/spring-context-6.0.9.jar:/Users/aubreymalabie/.m2/repository/org/springframework/spring-beans/6.0.9/spring-beans-6.0.9.jar:/Users/aubreymalabie/.m2/repository/org/springframework/spring-expression/6.0.9/spring-expression-6.0.9.jar:/Users/aubreymalabie/.m2/repository/org/springframework/data/spring-data-commons/3.1.0/spring-data-commons-3.1.0.jar:/Users/aubreymalabie/.m2/repository/org/springframework/boot/spring-boot-starter-web/3.1.0/spring-boot-starter-web-3.1.0.jar:/Users/aubreymalabie/.m2/repository/org/springframework/boot/spring-boot-starter-json/3.1.0/spring-boot-starter-json-3.1.0.jar:/Users/aubreymalabie/.m2/repository/com/fasterxml/jackson/datatype/jackson-datatype-jdk8/2.15.0/jackson-datatype-jdk8-2.15.0.jar:/Users/aubreymalabie/.m2/repository/com/fasterxml/jackson/datatype/jackson-datatype-jsr310/2.15.0/jackson-datatype-jsr310-2.15.0.jar:/Users/aubreymalabie/.m2/repository/com/fasterxml/jackson/module/jackson-module-parameter-names/2.15.0/jackson-module-parameter-names-2.15.0.jar:/Users/aubreymalabie/.m2/repository/org/springframework/boot/spring-boot-starter-tomcat/3.1.0/spring-boot-starter-tomcat-3.1.0.jar:/Users/aubreymalabie/.m2/repository/org/apache/tomcat/embed/tomcat-embed-core/10.1.8/tomcat-embed-core-10.1.8.jar:/Users/aubreymalabie/.m2/repository/org/apache/tomcat/embed/tomcat-embed-el/10.1.8/tomcat-embed-el-10.1.8.jar:/Users/aubreymalabie/.m2/repository/org/apache/tomcat/embed/tomcat-embed-websocket/10.1.8/tomcat-embed-websocket-10.1.8.jar:/Users/aubreymalabie/.m2/repository/org/springframework/spring-web/6.0.9/spring-web-6.0.9.jar:/Users/aubreymalabie/.m2/repository/io/micrometer/micrometer-observation/1.11.0/micrometer-observation-1.11.0.jar:/Users/aubreymalabie/.m2/repository/org/springframework/spring-webmvc/6.0.9/spring-webmvc-6.0.9.jar:/Users/aubreymalabie/.m2/repository/io/micrometer/micrometer-registry-prometheus/1.11.0/micrometer-registry-prometheus-1.11.0.jar:/Users/aubreymalabie/.m2/repository/io/micrometer/micrometer-core/1.11.0/micrometer-core-1.11.0.jar:/Users/aubreymalabie/.m2/repository/io/micrometer/micrometer-commons/1.11.0/micrometer-commons-1.11.0.jar:/Users/aubreymalabie/.m2/repository/org/hdrhistogram/HdrHistogram/2.1.12/HdrHistogram-2.1.12.jar:/Users/aubreymalabie/.m2/repository/org/latencyutils/LatencyUtils/2.0.3/LatencyUtils-2.0.3.jar:/Users/aubreymalabie/.m2/repository/io/prometheus/simpleclient_common/0.16.0/simpleclient_common-0.16.0.jar:/Users/aubreymalabie/.m2/repository/io/prometheus/simpleclient/0.16.0/simpleclient-0.16.0.jar:/Users/aubreymalabie/.m2/repository/io/prometheus/simpleclient_tracer_otel/0.16.0/simpleclient_tracer_otel-0.16.0.jar:/Users/aubreymalabie/.m2/repository/io/prometheus/simpleclient_tracer_common/0.16.0/simpleclient_tracer_common-0.16.0.jar:/Users/aubreymalabie/.m2/repository/io/prometheus/simpleclient_tracer_otel_agent/0.16.0/simpleclient_tracer_otel_agent-0.16.0.jar:/Users/aubreymalabie/.m2/repository/org/springframework/boot/spring-boot-configuration-processor/3.1.0/spring-boot-configuration-processor-3.1.0.jar:/Users/aubreymalabie/.m2/repository/org/springframework/boot/spring-boot-starter-test/3.1.0/spring-boot-starter-test-3.1.0.jar:/Users/aubreymalabie/.m2/repository/org/springframework/boot/spring-boot-test/3.1.0/spring-boot-test-3.1.0.jar:/Users/aubreymalabie/.m2/repository/org/springframework/boot/spring-boot-test-autoconfigure/3.1.0/spring-boot-test-autoconfigure-3.1.0.jar:/Users/aubreymalabie/.m2/repository/com/jayway/jsonpath/json-path/2.8.0/json-path-2.8.0.jar:/Users/aubreymalabie/.m2/repository/jakarta/xml/bind/jakarta.xml.bind-api/4.0.0/jakarta.xml.bind-api-4.0.0.jar:/Users/aubreymalabie/.m2/repository/net/minidev/json-smart/2.4.10/json-smart-2.4.10.jar:/Users/aubreymalabie/.m2/repository/net/minidev/accessors-smart/2.4.9/accessors-smart-2.4.9.jar:/Users/aubreymalabie/.m2/repository/org/ow2/asm/asm/9.3/asm-9.3.jar:/Users/aubreymalabie/.m2/repository/org/assertj/assertj-core/3.24.2/assertj-core-3.24.2.jar:/Users/aubreymalabie/.m2/repository/net/bytebuddy/byte-buddy/1.14.4/byte-buddy-1.14.4.jar:/Users/aubreymalabie/.m2/repository/org/hamcrest/hamcrest/2.2/hamcrest-2.2.jar:/Users/aubreymalabie/.m2/repository/org/junit/jupiter/junit-jupiter/5.9.3/junit-jupiter-5.9.3.jar:/Users/aubreymalabie/.m2/repository/org/junit/jupiter/junit-jupiter-api/5.9.3/junit-jupiter-api-5.9.3.jar:/Users/aubreymalabie/.m2/repository/org/opentest4j/opentest4j/1.2.0/opentest4j-1.2.0.jar:/Users/aubreymalabie/.m2/repository/org/junit/platform/junit-platform-commons/1.9.3/junit-platform-commons-1.9.3.jar:/Users/aubreymalabie/.m2/repository/org/apiguardian/apiguardian-api/1.1.2/apiguardian-api-1.1.2.jar:/Users/aubreymalabie/.m2/repository/org/junit/jupiter/junit-jupiter-params/5.9.3/junit-jupiter-params-5.9.3.jar:/Users/aubreymalabie/.m2/repository/org/junit/jupiter/junit-jupiter-engine/5.9.3/junit-jupiter-engine-5.9.3.jar:/Users/aubreymalabie/.m2/repository/org/junit/platform/junit-platform-engine/1.9.3/junit-platform-engine-1.9.3.jar:/Users/aubreymalabie/.m2/repository/org/mockito/mockito-core/5.3.1/mockito-core-5.3.1.jar:/Users/aubreymalabie/.m2/repository/net/bytebuddy/byte-buddy-agent/1.14.4/byte-buddy-agent-1.14.4.jar:/Users/aubreymalabie/.m2/repository/org/objenesis/objenesis/3.3/objenesis-3.3.jar:/Users/aubreymalabie/.m2/repository/org/mockito/mockito-junit-jupiter/5.3.1/mockito-junit-jupiter-5.3.1.jar:/Users/aubreymalabie/.m2/repository/org/skyscreamer/jsonassert/1.5.1/jsonassert-1.5.1.jar:/Users/aubreymalabie/.m2/repository/com/vaadin/external/google/android-json/0.0.20131108.vaadin1/android-json-0.0.20131108.vaadin1.jar:/Users/aubreymalabie/.m2/repository/org/springframework/spring-core/6.0.9/spring-core-6.0.9.jar:/Users/aubreymalabie/.m2/repository/org/springframework/spring-jcl/6.0.9/spring-jcl-6.0.9.jar:/Users/aubreymalabie/.m2/repository/org/springframework/spring-test/6.0.9/spring-test-6.0.9.jar:/Users/aubreymalabie/.m2/repository/org/xmlunit/xmlunit-core/2.9.1/xmlunit-core-2.9.1.jar:/Users/aubreymalabie/.m2/repository/org/springframework/boot/spring-boot-starter-mail/3.1.0/spring-boot-starter-mail-3.1.0.jar:/Users/aubreymalabie/.m2/repository/org/springframework/spring-context-support/6.0.9/spring-context-support-6.0.9.jar:/Users/aubreymalabie/.m2/repository/org/eclipse/angus/jakarta.mail/1.1.0/jakarta.mail-1.1.0.jar:/Users/aubreymalabie/.m2/repository/org/eclipse/angus/angus-activation/2.0.0/angus-activation-2.0.0.jar:/Users/aubreymalabie/.m2/repository/com/google/firebase/firebase-admin/9.1.0/firebase-admin-9.1.0.jar:/Users/aubreymalabie/.m2/repository/com/google/api-client/google-api-client-gson/2.0.0/google-api-client-gson-2.0.0.jar:/Users/aubreymalabie/.m2/repository/com/google/http-client/google-http-client/1.41.5/google-http-client-1.41.5.jar:/Users/aubreymalabie/.m2/repository/com/google/api/api-common/2.1.5/api-common-2.1.5.jar:/Users/aubreymalabie/.m2/repository/com/google/auth/google-auth-library-oauth2-http/1.6.0/google-auth-library-oauth2-http-1.6.0.jar:/Users/aubreymalabie/.m2/repository/com/google/cloud/google-cloud-storage/2.6.0/google-cloud-storage-2.6.0.jar:/Users/aubreymalabie/.m2/repository/com/google/apis/google-api-services-storage/v1-rev20220210-1.32.1/google-api-services-storage-v1-rev20220210-1.32.1.jar:/Users/aubreymalabie/.m2/repository/com/google/cloud/google-cloud-firestore/3.0.21/google-cloud-firestore-3.0.21.jar:/Users/aubreymalabie/.m2/repository/com/google/cloud/google-cloud-core-grpc/2.5.11/google-cloud-core-grpc-2.5.11.jar:/Users/aubreymalabie/.m2/repository/com/google/api/grpc/proto-google-cloud-firestore-v1/3.0.21/proto-google-cloud-firestore-v1-3.0.21.jar:/Users/aubreymalabie/.m2/repository/com/google/cloud/proto-google-cloud-firestore-bundle-v1/3.0.21/proto-google-cloud-firestore-bundle-v1-3.0.21.jar:/Users/aubreymalabie/.m2/repository/io/opencensus/opencensus-contrib-grpc-util/0.31.0/opencensus-contrib-grpc-util-0.31.0.jar:/Users/aubreymalabie/.m2/repository/org/slf4j/slf4j-api/2.0.7/slf4j-api-2.0.7.jar:/Users/aubreymalabie/.m2/repository/io/netty/netty-codec-http/4.1.92.Final/netty-codec-http-4.1.92.Final.jar:/Users/aubreymalabie/.m2/repository/io/netty/netty-common/4.1.92.Final/netty-common-4.1.92.Final.jar:/Users/aubreymalabie/.m2/repository/io/netty/netty-buffer/4.1.92.Final/netty-buffer-4.1.92.Final.jar:/Users/aubreymalabie/.m2/repository/io/netty/netty-codec/4.1.92.Final/netty-codec-4.1.92.Final.jar:/Users/aubreymalabie/.m2/repository/io/netty/netty-handler/4.1.92.Final/netty-handler-4.1.92.Final.jar:/Users/aubreymalabie/.m2/repository/io/netty/netty-resolver/4.1.92.Final/netty-resolver-4.1.92.Final.jar:/Users/aubreymalabie/.m2/repository/io/netty/netty-transport-native-unix-common/4.1.92.Final/netty-transport-native-unix-common-4.1.92.Final.jar:/Users/aubreymalabie/.m2/repository/io/netty/netty-transport/4.1.92.Final/netty-transport-4.1.92.Final.jar:/Users/aubreymalabie/.m2/repository/com/squareup/okhttp/okhttp/2.7.5/okhttp-2.7.5.jar:/Users/aubreymalabie/.m2/repository/com/squareup/okio/okio/1.6.0/okio-1.6.0.jar:/Users/aubreymalabie/.m2/repository/joda-time/joda-time/2.12.1/joda-time-2.12.1.jar:/Users/aubreymalabie/.m2/repository/org/json/json/20220924/json-20220924.jar:/Users/aubreymalabie/.m2/repository/org/projectlombok/lombok/1.18.26/lombok-1.18.26.jar:/Users/aubreymalabie/.m2/repository/com/googlecode/json-simple/json-simple/1.1.1/json-simple-1.1.1.jar:/Users/aubreymalabie/.m2/repository/junit/junit/4.13.2/junit-4.13.2.jar:/Users/aubreymalabie/.m2/repository/org/hamcrest/hamcrest-core/2.2/hamcrest-core-2.2.jar:/Users/aubreymalabie/.m2/repository/io/projectreactor/reactor-core/3.5.6/reactor-core-3.5.6.jar:/Users/aubreymalabie/.m2/repository/org/reactivestreams/reactive-streams/1.0.4/reactive-streams-1.0.4.jar:/Users/aubreymalabie/.m2/repository/com/google/cloud/google-cloud-secretmanager/2.1.4/google-cloud-secretmanager-2.1.4.jar:/Users/aubreymalabie/.m2/repository/io/grpc/grpc-api/1.45.0/grpc-api-1.45.0.jar:/Users/aubreymalabie/.m2/repository/io/grpc/grpc-context/1.45.0/grpc-context-1.45.0.jar:/Users/aubreymalabie/.m2/repository/com/google/code/findbugs/jsr305/3.0.2/jsr305-3.0.2.jar:/Users/aubreymalabie/.m2/repository/com/google/errorprone/error_prone_annotations/2.11.0/error_prone_annotations-2.11.0.jar:/Users/aubreymalabie/.m2/repository/io/grpc/grpc-stub/1.45.0/grpc-stub-1.45.0.jar:/Users/aubreymalabie/.m2/repository/io/grpc/grpc-protobuf/1.45.0/grpc-protobuf-1.45.0.jar:/Users/aubreymalabie/.m2/repository/io/grpc/grpc-protobuf-lite/1.45.0/grpc-protobuf-lite-1.45.0.jar:/Users/aubreymalabie/.m2/repository/javax/annotation/javax.annotation-api/1.3.2/javax.annotation-api-1.3.2.jar:/Users/aubreymalabie/.m2/repository/com/google/auto/value/auto-value-annotations/1.9/auto-value-annotations-1.9.jar:/Users/aubreymalabie/.m2/repository/com/google/protobuf/protobuf-java/3.19.4/protobuf-java-3.19.4.jar:/Users/aubreymalabie/.m2/repository/com/google/api/grpc/proto-google-common-protos/2.8.0/proto-google-common-protos-2.8.0.jar:/Users/aubreymalabie/.m2/repository/com/google/api/grpc/proto-google-iam-v1/1.2.10/proto-google-iam-v1-1.2.10.jar:/Users/aubreymalabie/.m2/repository/com/google/api/grpc/proto-google-cloud-secretmanager-v1/2.1.4/proto-google-cloud-secretmanager-v1-2.1.4.jar:/Users/aubreymalabie/.m2/repository/com/google/api/grpc/proto-google-cloud-secretmanager-v1beta1/2.1.4/proto-google-cloud-secretmanager-v1beta1-2.1.4.jar:/Users/aubreymalabie/.m2/repository/com/google/guava/failureaccess/1.0.1/failureaccess-1.0.1.jar:/Users/aubreymalabie/.m2/repository/com/google/guava/listenablefuture/9999.0-empty-to-avoid-conflict-with-guava/listenablefuture-9999.0-empty-to-avoid-conflict-with-guava.jar:/Users/aubreymalabie/.m2/repository/org/checkerframework/checker-qual/3.21.3/checker-qual-3.21.3.jar:/Users/aubreymalabie/.m2/repository/com/google/j2objc/j2objc-annotations/1.3/j2objc-annotations-1.3.jar:/Users/aubreymalabie/.m2/repository/com/google/api/gax/2.13.0/gax-2.13.0.jar:/Users/aubreymalabie/.m2/repository/com/google/auth/google-auth-library-credentials/1.6.0/google-auth-library-credentials-1.6.0.jar:/Users/aubreymalabie/.m2/repository/org/apache/httpcomponents/httpclient/4.5.13/httpclient-4.5.13.jar:/Users/aubreymalabie/.m2/repository/commons-logging/commons-logging/1.2/commons-logging-1.2.jar:/Users/aubreymalabie/.m2/repository/commons-codec/commons-codec/1.15/commons-codec-1.15.jar:/Users/aubreymalabie/.m2/repository/org/apache/httpcomponents/httpcore/4.4.16/httpcore-4.4.16.jar:/Users/aubreymalabie/.m2/repository/io/opencensus/opencensus-contrib-http-util/0.31.0/opencensus-contrib-http-util-0.31.0.jar:/Users/aubreymalabie/.m2/repository/com/google/http-client/google-http-client-gson/1.41.5/google-http-client-gson-1.41.5.jar:/Users/aubreymalabie/.m2/repository/io/opencensus/opencensus-api/0.31.0/opencensus-api-0.31.0.jar:/Users/aubreymalabie/.m2/repository/com/google/api/gax-grpc/2.13.0/gax-grpc-2.13.0.jar:/Users/aubreymalabie/.m2/repository/io/grpc/grpc-alts/1.45.0/grpc-alts-1.45.0.jar:/Users/aubreymalabie/.m2/repository/io/grpc/grpc-grpclb/1.45.0/grpc-grpclb-1.45.0.jar:/Users/aubreymalabie/.m2/repository/org/conscrypt/conscrypt-openjdk-uber/2.5.1/conscrypt-openjdk-uber-2.5.1.jar:/Users/aubreymalabie/.m2/repository/io/grpc/grpc-auth/1.45.0/grpc-auth-1.45.0.jar:/Users/aubreymalabie/.m2/repository/io/grpc/grpc-netty-shaded/1.45.0/grpc-netty-shaded-1.45.0.jar:/Users/aubreymalabie/.m2/repository/io/perfmark/perfmark-api/0.23.0/perfmark-api-0.23.0.jar:/Users/aubreymalabie/.m2/repository/io/grpc/grpc-core/1.45.0/grpc-core-1.45.0.jar:/Users/aubreymalabie/.m2/repository/com/google/android/annotations/4.1.1.4/annotations-4.1.1.4.jar:/Users/aubreymalabie/.m2/repository/org/codehaus/mojo/animal-sniffer-annotations/1.21/animal-sniffer-annotations-1.21.jar:/Users/aubreymalabie/.m2/repository/io/grpc/grpc-xds/1.45.0/grpc-xds-1.45.0.jar:/Users/aubreymalabie/.m2/repository/io/grpc/grpc-services/1.45.0/grpc-services-1.45.0.jar:/Users/aubreymalabie/.m2/repository/com/google/code/gson/gson/2.10.1/gson-2.10.1.jar:/Users/aubreymalabie/.m2/repository/com/google/re2j/re2j/1.5/re2j-1.5.jar:/Users/aubreymalabie/.m2/repository/org/bouncycastle/bcpkix-jdk15on/1.67/bcpkix-jdk15on-1.67.jar:/Users/aubreymalabie/.m2/repository/org/bouncycastle/bcprov-jdk15on/1.67/bcprov-jdk15on-1.67.jar:/Users/aubreymalabie/.m2/repository/io/opencensus/opencensus-proto/0.2.0/opencensus-proto-0.2.0.jar:/Users/aubreymalabie/.m2/repository/com/google/protobuf/protobuf-java-util/3.19.4/protobuf-java-util-3.19.4.jar:/Users/aubreymalabie/.m2/repository/org/threeten/threetenbp/1.6.0/threetenbp-1.6.0.jar:/Users/aubreymalabie/.m2/repository/com/google/api-client/google-api-client/1.32.1/google-api-client-1.32.1.jar:/Users/aubreymalabie/.m2/repository/com/google/oauth-client/google-oauth-client/1.31.5/google-oauth-client-1.31.5.jar:/Users/aubreymalabie/.m2/repository/com/google/http-client/google-http-client-apache-v2/1.41.5/google-http-client-apache-v2-1.41.5.jar:/Users/aubreymalabie/.m2/repository/org/springframework/boot/spring-boot-actuator/2.7.4/spring-boot-actuator-2.7.4.jar:/Users/aubreymalabie/.m2/repository/org/springframework/boot/spring-boot/3.1.0/spring-boot-3.1.0.jar:/Users/aubreymalabie/.m2/repository/com/github/vladimir-bukhtoyarov/bucket4j-core/7.6.0/bucket4j-core-7.6.0.jar:/Users/aubreymalabie/.m2/repository/commons-io/commons-io/2.11.0/commons-io-2.11.0.jar:/Users/aubreymalabie/.m2/repository/jakarta/activation/jakarta.activation-api/2.1.2/jakarta.activation-api-2.1.2.jar:/Users/aubreymalabie/.m2/repository/de/flapdoodle/embed/de.flapdoodle.embed.mongo/4.6.2/de.flapdoodle.embed.mongo-4.6.2.jar:/Users/aubreymalabie/.m2/repository/de/flapdoodle/embed/de.flapdoodle.embed.process/4.6.1/de.flapdoodle.embed.process-4.6.1.jar:/Users/aubreymalabie/.m2/repository/de/flapdoodle/reverse/de.flapdoodle.reverse/1.5.2/de.flapdoodle.reverse-1.5.2.jar:/Users/aubreymalabie/.m2/repository/de/flapdoodle/graph/de.flapdoodle.graph/1.2.3/de.flapdoodle.graph-1.2.3.jar:/Users/aubreymalabie/.m2/repository/org/jgrapht/jgrapht-core/1.4.0/jgrapht-core-1.4.0.jar:/Users/aubreymalabie/.m2/repository/org/jheaps/jheaps/0.11/jheaps-0.11.jar:/Users/aubreymalabie/.m2/repository/de/flapdoodle/java8/de.flapdoodle.java8/1.3.2/de.flapdoodle.java8-1.3.2.jar:/Users/aubreymalabie/.m2/repository/org/apache/commons/commons-lang3/3.12.0/commons-lang3-3.12.0.jar:/Users/aubreymalabie/.m2/repository/org/apache/commons/commons-compress/1.22/commons-compress-1.22.jar:/Users/aubreymalabie/.m2/repository/net/java/dev/jna/jna/5.13.0/jna-5.13.0.jar:/Users/aubreymalabie/.m2/repository/net/java/dev/jna/jna-platform/5.13.0/jna-platform-5.13.0.jar:/Users/aubreymalabie/.m2/repository/de/flapdoodle/de.flapdoodle.os-api/1.3.1/de.flapdoodle.os-api-1.3.1.jar:/Users/aubreymalabie/.m2/repository/de/flapdoodle/embed/de.flapdoodle.embed.mongo.packageresolver/4.5.3/de.flapdoodle.embed.mongo.packageresolver-4.5.3.jar:/Users/aubreymalabie/.m2/repository/de/flapdoodle/de.flapdoodle.os/1.3.3/de.flapdoodle.os-1.3.3.jar:/Users/aubreymalabie/.m2/repository/com/google/cloud/spring-cloud-gcp-starter-secretmanager/4.1.1/spring-cloud-gcp-starter-secretmanager-4.1.1.jar:/Users/aubreymalabie/.m2/repository/com/google/cloud/spring-cloud-gcp-starter/4.1.1/spring-cloud-gcp-starter-4.1.1.jar:/Users/aubreymalabie/.m2/repository/com/google/cloud/spring-cloud-gcp-core/4.1.1/spring-cloud-gcp-core-4.1.1.jar:/Users/aubreymalabie/.m2/repository/com/google/cloud/spring-cloud-gcp-autoconfigure/4.1.1/spring-cloud-gcp-autoconfigure-4.1.1.jar:/Users/aubreymalabie/.m2/repository/org/springframework/cloud/spring-cloud-context/4.0.1/spring-cloud-context-4.0.1.jar:/Users/aubreymalabie/.m2/repository/org/springframework/security/spring-security-crypto/6.1.0/spring-security-crypto-6.1.0.jar:/Users/aubreymalabie/.m2/repository/com/google/cloud/spring-cloud-gcp-secretmanager/4.1.1/spring-cloud-gcp-secretmanager-4.1.1.jar:/Users/aubreymalabie/.m2/repository/com/google/cloud/google-cloud-translate/2.1.12/google-cloud-translate-2.1.12.jar:/Users/aubreymalabie/.m2/repository/com/google/api/grpc/proto-google-cloud-translate-v3beta1/0.83.12/proto-google-cloud-translate-v3beta1-0.83.12.jar:/Users/aubreymalabie/.m2/repository/com/google/api/grpc/proto-google-cloud-translate-v3/2.1.12/proto-google-cloud-translate-v3-2.1.12.jar:/Users/aubreymalabie/.m2/repository/com/google/cloud/google-cloud-core/2.5.11/google-cloud-core-2.5.11.jar:/Users/aubreymalabie/.m2/repository/com/google/cloud/google-cloud-core-http/2.5.11/google-cloud-core-http-2.5.11.jar:/Users/aubreymalabie/.m2/repository/com/google/http-client/google-http-client-appengine/1.41.5/google-http-client-appengine-1.41.5.jar:/Users/aubreymalabie/.m2/repository/com/google/api/gax-httpjson/0.98.0/gax-httpjson-0.98.0.jar:/Users/aubreymalabie/.m2/repository/com/google/apis/google-api-services-translate/v2-rev20170525-1.32.1/google-api-services-translate-v2-rev20170525-1.32.1.jar:/Users/aubreymalabie/.m2/repository/com/google/http-client/google-http-client-jackson2/1.41.5/google-http-client-jackson2-1.41.5.jar:/Users/aubreymalabie/.m2/repository/org/springdoc/springdoc-openapi-starter-webmvc-ui/2.0.0/springdoc-openapi-starter-webmvc-ui-2.0.0.jar:/Users/aubreymalabie/.m2/repository/org/springdoc/springdoc-openapi-starter-webmvc-api/2.0.0/springdoc-openapi-starter-webmvc-api-2.0.0.jar:/Users/aubreymalabie/.m2/repository/org/springdoc/springdoc-openapi-starter-common/2.0.0/springdoc-openapi-starter-common-2.0.0.jar:/Users/aubreymalabie/.m2/repository/io/swagger/core/v3/swagger-core-jakarta/2.2.7/swagger-core-jakarta-2.2.7.jar:/Users/aubreymalabie/.m2/repository/io/swagger/core/v3/swagger-annotations-jakarta/2.2.7/swagger-annotations-jakarta-2.2.7.jar:/Users/aubreymalabie/.m2/repository/io/swagger/core/v3/swagger-models-jakarta/2.2.7/swagger-models-jakarta-2.2.7.jar:/Users/aubreymalabie/.m2/repository/jakarta/validation/jakarta.validation-api/3.0.2/jakarta.validation-api-3.0.2.jar:/Users/aubreymalabie/.m2/repository/com/fasterxml/jackson/dataformat/jackson-dataformat-yaml/2.15.0/jackson-dataformat-yaml-2.15.0.jar:/Users/aubreymalabie/.m2/repository/org/webjars/swagger-ui/4.15.5/swagger-ui-4.15.5.jar:/Users/aubreymalabie/.m2/repository/org/webjars/webjars-locator-core/0.52/webjars-locator-core-0.52.jar:/Users/aubreymalabie/.m2/repository/io/github/classgraph/classgraph/4.8.149/classgraph-4.8.149.jar:/Users/aubreymalabie/.m2/repository/org/springdoc/springdoc-openapi-data-rest/1.6.14/springdoc-openapi-data-rest-1.6.14.jar:/Users/aubreymalabie/.m2/repository/org/springdoc/springdoc-openapi-hateoas/1.6.14/springdoc-openapi-hateoas-1.6.14.jar:/Users/aubreymalabie/.m2/repository/org/springdoc/springdoc-openapi-common/1.6.14/springdoc-openapi-common-1.6.14.jar:/Users/aubreymalabie/.m2/repository/io/swagger/core/v3/swagger-core/2.2.7/swagger-core-2.2.7.jar:/Users/aubreymalabie/.m2/repository/io/swagger/core/v3/swagger-annotations/2.2.7/swagger-annotations-2.2.7.jar:/Users/aubreymalabie/.m2/repository/io/swagger/core/v3/swagger-models/2.2.7/swagger-models-2.2.7.jar:/Users/aubreymalabie/.m2/repository/org/springframework/hateoas/spring-hateoas/2.1.0/spring-hateoas-2.1.0.jar:/Users/aubreymalabie/.m2/repository/org/springframework/data/spring-data-rest-core/4.1.0/spring-data-rest-core-4.1.0.jar:/Users/aubreymalabie/.m2/repository/org/springframework/plugin/spring-plugin-core/3.0.0/spring-plugin-core-3.0.0.jar:/Users/aubreymalabie/.m2/repository/org/atteo/evo-inflector/1.3/evo-inflector-1.3.jar:/Users/aubreymalabie/.m2/repository/org/springframework/restdocs/spring-restdocs-mockmvc/3.0.0/spring-restdocs-mockmvc-3.0.0.jar:/Users/aubreymalabie/.m2/repository/org/springframework/restdocs/spring-restdocs-core/3.0.0/spring-restdocs-core-3.0.0.jar:/Users/aubreymalabie/.m2/repository/jakarta/servlet/jakarta.servlet-api/6.0.0/jakarta.servlet-api-6.0.0.jar:/Users/aubreymalabie/.m2/repository/com/intuit/quickbooks-online/ipp-v3-java-data/6.0.7/ipp-v3-java-data-6.0.7.jar:/Users/aubreymalabie/.m2/repository/org/jvnet/jaxb2_commons/jaxb2-basics-runtime/1.11.1/jaxb2-basics-runtime-1.11.1.jar:/Users/aubreymalabie/.m2/repository/org/jvnet/jaxb2_commons/jaxb2-commons-lang/2.4/jaxb2-commons-lang-2.4.jar:/Users/aubreymalabie/.m2/repository/com/fasterxml/jackson/core/jackson-annotations/2.15.0/jackson-annotations-2.15.0.jar:/Users/aubreymalabie/.m2/repository/javax/xml/bind/jaxb-api/2.3.1/jaxb-api-2.3.1.jar:/Users/aubreymalabie/.m2/repository/javax/activation/javax.activation-api/1.2.0/javax.activation-api-1.2.0.jar:/Users/aubreymalabie/.m2/repository/org/glassfish/jaxb/jaxb-runtime/4.0.2/jaxb-runtime-4.0.2.jar:/Users/aubreymalabie/.m2/repository/org/glassfish/jaxb/jaxb-core/4.0.2/jaxb-core-4.0.2.jar:/Users/aubreymalabie/.m2/repository/org/glassfish/jaxb/txw2/4.0.2/txw2-4.0.2.jar:/Users/aubreymalabie/.m2/repository/com/sun/istack/istack-commons-runtime/4.1.1/istack-commons-runtime-4.1.1.jar:/Users/aubreymalabie/.m2/repository/com/sun/xml/bind/jaxb-core/4.0.2/jaxb-core-4.0.2.jar:/Users/aubreymalabie/.m2/repository/com/sun/xml/bind/jaxb-impl/4.0.2/jaxb-impl-4.0.2.jar:/Users/aubreymalabie/.m2/repository/org/apache/ant/ant/1.10.6/ant-1.10.6.jar:/Users/aubreymalabie/.m2/repository/org/apache/ant/ant-launcher/1.10.6/ant-launcher-1.10.6.jar:/Users/aubreymalabie/.m2/repository/com/intuit/quickbooks-online/oauth2-platform-api/6.0.7/oauth2-platform-api-6.0.7-jar-with-dependencies.jar:/Users/aubreymalabie/.m2/repository/commons-lang/commons-lang/2.6/commons-lang-2.6.jar:/Users/aubreymalabie/.m2/repository/oauth/signpost/signpost-core/1.2.1.1/signpost-core-1.2.1.1.jar:/Users/aubreymalabie/.m2/repository/oauth/signpost/signpost-commonshttp4/1.2/signpost-commonshttp4-1.2.jar:/Users/aubreymalabie/.m2/repository/com/fasterxml/jackson/core/jackson-databind/2.15.0/jackson-databind-2.15.0.jar:/Users/aubreymalabie/.m2/repository/com/fasterxml/jackson/core/jackson-core/2.15.0-rc2/jackson-core-2.15.0-rc2.jar:/Users/aubreymalabie/.m2/repository/com/fasterxml/jackson/dataformat/jackson-dataformat-csv/2.15.0-rc2/jackson-dataformat-csv-2.15.0-rc2.jar:/Users/aubreymalabie/.m2/repository/com/google/guava/guava/31.1-jre/guava-31.1-jre.jar:/Users/aubreymalabie/.m2/repository/com/github/ben-manes/caffeine/caffeine/2.8.2/caffeine-2.8.2.jar:/Users/aubreymalabie/.m2/repository/org/springframework/boot/spring-boot-starter-aop/3.1.0/spring-boot-starter-aop-3.1.0.jar:/Users/aubreymalabie/.m2/repository/org/springframework/spring-aop/6.0.9/spring-aop-6.0.9.jar:/Users/aubreymalabie/.m2/repository/org/aspectj/aspectjweaver/1.9.19/aspectjweaver-1.9.19.jar:/Users/aubreymalabie/.m2/repository/com/giffing/bucket4j/spring/boot/starter/bucket4j-spring-boot-starter/0.7.0/bucket4j-spring-boot-starter-0.7.0.jar:/Users/aubreymalabie/.m2/repository/com/giffing/bucket4j/spring/boot/starter/bucket4j-spring-boot-starter-context/0.7.0/bucket4j-spring-boot-starter-context-0.7.0.jar:/Users/aubreymalabie/.m2/repository/com/github/vladimir-bukhtoyarov/bucket4j-jcache/7.5.0/bucket4j-jcache-7.5.0.jar:/Users/aubreymalabie/.m2/repository/org/springframework/boot/spring-boot-starter-cache/3.1.0/spring-boot-starter-cache-3.1.0.jar:/Users/aubreymalabie/.m2/repository/javax/cache/cache-api/1.1.1/cache-api-1.1.1.jar:/Users/aubreymalabie/.m2/repository/com/github/ben-manes/caffeine/jcache/2.8.2/jcache-2.8.2.jar:/Users/aubreymalabie/.m2/repository/com/typesafe/config/1.4.0/config-1.4.0.jar:/Users/aubreymalabie/.m2/repository/javax/inject/javax.inject/1/javax.inject-1.jar:"/>
    <property name="java.vm.vendor" value="Oracle Corporation"/>
    <property name="sun.arch.data.model" value="64"/>
    <property name="java.vendor.url" value="https://java.oracle.com/"/>
    <property name="user.timezone" value="Africa/Johannesburg"/>
    <property name="os.name" value="Mac OS X"/>
    <property name="java.vm.specification.version" value="19"/>
    <property name="sun.java.launcher" value="SUN_STANDARD"/>
    <property name="user.country" value="ZA"/>
    <property name="sun.boot.library.path" value="/Users/aubreymalabie/Library/Java/JavaVirtualMachines/openjdk-19.0.2-1/Contents/Home/lib"/>
    <property name="sun.java.command" value="/Users/aubreymalabie/Work/aftarobot/kasie_transie_backend/target/surefire/surefirebooter-20230613013518113_3.jar /Users/aubreymalabie/Work/aftarobot/kasie_transie_backend/target/surefire 2023-06-13T01-35-18_057-jvmRun1 surefire-20230613013518113_1tmp surefire_0-20230613013518113_2tmp"/>
    <property name="http.nonProxyHosts" value="local|*.local|169.254/16|*.169.254/16"/>
    <property name="jdk.debug" value="release"/>
    <property name="surefire.test.class.path" value="/Users/aubreymalabie/Work/aftarobot/kasie_transie_backend/target/test-classes:/Users/aubreymalabie/Work/aftarobot/kasie_transie_backend/target/classes:/Users/aubreymalabie/.m2/repository/org/springframework/boot/spring-boot-starter-data-mongodb/3.1.0/spring-boot-starter-data-mongodb-3.1.0.jar:/Users/aubreymalabie/.m2/repository/org/springframework/boot/spring-boot-starter/3.1.0/spring-boot-starter-3.1.0.jar:/Users/aubreymalabie/.m2/repository/org/springframework/boot/spring-boot-autoconfigure/3.1.0/spring-boot-autoconfigure-3.1.0.jar:/Users/aubreymalabie/.m2/repository/org/springframework/boot/spring-boot-starter-logging/3.1.0/spring-boot-starter-logging-3.1.0.jar:/Users/aubreymalabie/.m2/repository/ch/qos/logback/logback-classic/1.4.7/logback-classic-1.4.7.jar:/Users/aubreymalabie/.m2/repository/ch/qos/logback/logback-core/1.4.7/logback-core-1.4.7.jar:/Users/aubreymalabie/.m2/repository/org/apache/logging/log4j/log4j-to-slf4j/2.20.0/log4j-to-slf4j-2.20.0.jar:/Users/aubreymalabie/.m2/repository/org/apache/logging/log4j/log4j-api/2.20.0/log4j-api-2.20.0.jar:/Users/aubreymalabie/.m2/repository/org/slf4j/jul-to-slf4j/2.0.7/jul-to-slf4j-2.0.7.jar:/Users/aubreymalabie/.m2/repository/jakarta/annotation/jakarta.annotation-api/2.1.1/jakarta.annotation-api-2.1.1.jar:/Users/aubreymalabie/.m2/repository/org/yaml/snakeyaml/1.33/snakeyaml-1.33.jar:/Users/aubreymalabie/.m2/repository/org/mongodb/mongodb-driver-sync/4.9.1/mongodb-driver-sync-4.9.1.jar:/Users/aubreymalabie/.m2/repository/org/mongodb/bson/4.9.1/bson-4.9.1.jar:/Users/aubreymalabie/.m2/repository/org/mongodb/mongodb-driver-core/4.9.1/mongodb-driver-core-4.9.1.jar:/Users/aubreymalabie/.m2/repository/org/mongodb/bson-record-codec/4.9.1/bson-record-codec-4.9.1.jar:/Users/aubreymalabie/.m2/repository/org/springframework/data/spring-data-mongodb/4.1.0/spring-data-mongodb-4.1.0.jar:/Users/aubreymalabie/.m2/repository/org/springframework/spring-tx/6.0.9/spring-tx-6.0.9.jar:/Users/aubreymalabie/.m2/repository/org/springframework/spring-context/6.0.9/spring-context-6.0.9.jar:/Users/aubreymalabie/.m2/repository/org/springframework/spring-beans/6.0.9/spring-beans-6.0.9.jar:/Users/aubreymalabie/.m2/repository/org/springframework/spring-expression/6.0.9/spring-expression-6.0.9.jar:/Users/aubreymalabie/.m2/repository/org/springframework/data/spring-data-commons/3.1.0/spring-data-commons-3.1.0.jar:/Users/aubreymalabie/.m2/repository/org/springframework/boot/spring-boot-starter-web/3.1.0/spring-boot-starter-web-3.1.0.jar:/Users/aubreymalabie/.m2/repository/org/springframework/boot/spring-boot-starter-json/3.1.0/spring-boot-starter-json-3.1.0.jar:/Users/aubreymalabie/.m2/repository/com/fasterxml/jackson/datatype/jackson-datatype-jdk8/2.15.0/jackson-datatype-jdk8-2.15.0.jar:/Users/aubreymalabie/.m2/repository/com/fasterxml/jackson/datatype/jackson-datatype-jsr310/2.15.0/jackson-datatype-jsr310-2.15.0.jar:/Users/aubreymalabie/.m2/repository/com/fasterxml/jackson/module/jackson-module-parameter-names/2.15.0/jackson-module-parameter-names-2.15.0.jar:/Users/aubreymalabie/.m2/repository/org/springframework/boot/spring-boot-starter-tomcat/3.1.0/spring-boot-starter-tomcat-3.1.0.jar:/Users/aubreymalabie/.m2/repository/org/apache/tomcat/embed/tomcat-embed-core/10.1.8/tomcat-embed-core-10.1.8.jar:/Users/aubreymalabie/.m2/repository/org/apache/tomcat/embed/tomcat-embed-el/10.1.8/tomcat-embed-el-10.1.8.jar:/Users/aubreymalabie/.m2/repository/org/apache/tomcat/embed/tomcat-embed-websocket/10.1.8/tomcat-embed-websocket-10.1.8.jar:/Users/aubreymalabie/.m2/repository/org/springframework/spring-web/6.0.9/spring-web-6.0.9.jar:/Users/aubreymalabie/.m2/repository/io/micrometer/micrometer-observation/1.11.0/micrometer-observation-1.11.0.jar:/Users/aubreymalabie/.m2/repository/org/springframework/spring-webmvc/6.0.9/spring-webmvc-6.0.9.jar:/Users/aubreymalabie/.m2/repository/io/micrometer/micrometer-registry-prometheus/1.11.0/micrometer-registry-prometheus-1.11.0.jar:/Users/aubreymalabie/.m2/repository/io/micrometer/micrometer-core/1.11.0/micrometer-core-1.11.0.jar:/Users/aubreymalabie/.m2/repository/io/micrometer/micrometer-commons/1.11.0/micrometer-commons-1.11.0.jar:/Users/aubreymalabie/.m2/repository/org/hdrhistogram/HdrHistogram/2.1.12/HdrHistogram-2.1.12.jar:/Users/aubreymalabie/.m2/repository/org/latencyutils/LatencyUtils/2.0.3/LatencyUtils-2.0.3.jar:/Users/aubreymalabie/.m2/repository/io/prometheus/simpleclient_common/0.16.0/simpleclient_common-0.16.0.jar:/Users/aubreymalabie/.m2/repository/io/prometheus/simpleclient/0.16.0/simpleclient-0.16.0.jar:/Users/aubreymalabie/.m2/repository/io/prometheus/simpleclient_tracer_otel/0.16.0/simpleclient_tracer_otel-0.16.0.jar:/Users/aubreymalabie/.m2/repository/io/prometheus/simpleclient_tracer_common/0.16.0/simpleclient_tracer_common-0.16.0.jar:/Users/aubreymalabie/.m2/repository/io/prometheus/simpleclient_tracer_otel_agent/0.16.0/simpleclient_tracer_otel_agent-0.16.0.jar:/Users/aubreymalabie/.m2/repository/org/springframework/boot/spring-boot-configuration-processor/3.1.0/spring-boot-configuration-processor-3.1.0.jar:/Users/aubreymalabie/.m2/repository/org/springframework/boot/spring-boot-starter-test/3.1.0/spring-boot-starter-test-3.1.0.jar:/Users/aubreymalabie/.m2/repository/org/springframework/boot/spring-boot-test/3.1.0/spring-boot-test-3.1.0.jar:/Users/aubreymalabie/.m2/repository/org/springframework/boot/spring-boot-test-autoconfigure/3.1.0/spring-boot-test-autoconfigure-3.1.0.jar:/Users/aubreymalabie/.m2/repository/com/jayway/jsonpath/json-path/2.8.0/json-path-2.8.0.jar:/Users/aubreymalabie/.m2/repository/jakarta/xml/bind/jakarta.xml.bind-api/4.0.0/jakarta.xml.bind-api-4.0.0.jar:/Users/aubreymalabie/.m2/repository/net/minidev/json-smart/2.4.10/json-smart-2.4.10.jar:/Users/aubreymalabie/.m2/repository/net/minidev/accessors-smart/2.4.9/accessors-smart-2.4.9.jar:/Users/aubreymalabie/.m2/repository/org/ow2/asm/asm/9.3/asm-9.3.jar:/Users/aubreymalabie/.m2/repository/org/assertj/assertj-core/3.24.2/assertj-core-3.24.2.jar:/Users/aubreymalabie/.m2/repository/net/bytebuddy/byte-buddy/1.14.4/byte-buddy-1.14.4.jar:/Users/aubreymalabie/.m2/repository/org/hamcrest/hamcrest/2.2/hamcrest-2.2.jar:/Users/aubreymalabie/.m2/repository/org/junit/jupiter/junit-jupiter/5.9.3/junit-jupiter-5.9.3.jar:/Users/aubreymalabie/.m2/repository/org/junit/jupiter/junit-jupiter-api/5.9.3/junit-jupiter-api-5.9.3.jar:/Users/aubreymalabie/.m2/repository/org/opentest4j/opentest4j/1.2.0/opentest4j-1.2.0.jar:/Users/aubreymalabie/.m2/repository/org/junit/platform/junit-platform-commons/1.9.3/junit-platform-commons-1.9.3.jar:/Users/aubreymalabie/.m2/repository/org/apiguardian/apiguardian-api/1.1.2/apiguardian-api-1.1.2.jar:/Users/aubreymalabie/.m2/repository/org/junit/jupiter/junit-jupiter-params/5.9.3/junit-jupiter-params-5.9.3.jar:/Users/aubreymalabie/.m2/repository/org/junit/jupiter/junit-jupiter-engine/5.9.3/junit-jupiter-engine-5.9.3.jar:/Users/aubreymalabie/.m2/repository/org/junit/platform/junit-platform-engine/1.9.3/junit-platform-engine-1.9.3.jar:/Users/aubreymalabie/.m2/repository/org/mockito/mockito-core/5.3.1/mockito-core-5.3.1.jar:/Users/aubreymalabie/.m2/repository/net/bytebuddy/byte-buddy-agent/1.14.4/byte-buddy-agent-1.14.4.jar:/Users/aubreymalabie/.m2/repository/org/objenesis/objenesis/3.3/objenesis-3.3.jar:/Users/aubreymalabie/.m2/repository/org/mockito/mockito-junit-jupiter/5.3.1/mockito-junit-jupiter-5.3.1.jar:/Users/aubreymalabie/.m2/repository/org/skyscreamer/jsonassert/1.5.1/jsonassert-1.5.1.jar:/Users/aubreymalabie/.m2/repository/com/vaadin/external/google/android-json/0.0.20131108.vaadin1/android-json-0.0.20131108.vaadin1.jar:/Users/aubreymalabie/.m2/repository/org/springframework/spring-core/6.0.9/spring-core-6.0.9.jar:/Users/aubreymalabie/.m2/repository/org/springframework/spring-jcl/6.0.9/spring-jcl-6.0.9.jar:/Users/aubreymalabie/.m2/repository/org/springframework/spring-test/6.0.9/spring-test-6.0.9.jar:/Users/aubreymalabie/.m2/repository/org/xmlunit/xmlunit-core/2.9.1/xmlunit-core-2.9.1.jar:/Users/aubreymalabie/.m2/repository/org/springframework/boot/spring-boot-starter-mail/3.1.0/spring-boot-starter-mail-3.1.0.jar:/Users/aubreymalabie/.m2/repository/org/springframework/spring-context-support/6.0.9/spring-context-support-6.0.9.jar:/Users/aubreymalabie/.m2/repository/org/eclipse/angus/jakarta.mail/1.1.0/jakarta.mail-1.1.0.jar:/Users/aubreymalabie/.m2/repository/org/eclipse/angus/angus-activation/2.0.0/angus-activation-2.0.0.jar:/Users/aubreymalabie/.m2/repository/com/google/firebase/firebase-admin/9.1.0/firebase-admin-9.1.0.jar:/Users/aubreymalabie/.m2/repository/com/google/api-client/google-api-client-gson/2.0.0/google-api-client-gson-2.0.0.jar:/Users/aubreymalabie/.m2/repository/com/google/http-client/google-http-client/1.41.5/google-http-client-1.41.5.jar:/Users/aubreymalabie/.m2/repository/com/google/api/api-common/2.1.5/api-common-2.1.5.jar:/Users/aubreymalabie/.m2/repository/com/google/auth/google-auth-library-oauth2-http/1.6.0/google-auth-library-oauth2-http-1.6.0.jar:/Users/aubreymalabie/.m2/repository/com/google/cloud/google-cloud-storage/2.6.0/google-cloud-storage-2.6.0.jar:/Users/aubreymalabie/.m2/repository/com/google/apis/google-api-services-storage/v1-rev20220210-1.32.1/google-api-services-storage-v1-rev20220210-1.32.1.jar:/Users/aubreymalabie/.m2/repository/com/google/cloud/google-cloud-firestore/3.0.21/google-cloud-firestore-3.0.21.jar:/Users/aubreymalabie/.m2/repository/com/google/cloud/google-cloud-core-grpc/2.5.11/google-cloud-core-grpc-2.5.11.jar:/Users/aubreymalabie/.m2/repository/com/google/api/grpc/proto-google-cloud-firestore-v1/3.0.21/proto-google-cloud-firestore-v1-3.0.21.jar:/Users/aubreymalabie/.m2/repository/com/google/cloud/proto-google-cloud-firestore-bundle-v1/3.0.21/proto-google-cloud-firestore-bundle-v1-3.0.21.jar:/Users/aubreymalabie/.m2/repository/io/opencensus/opencensus-contrib-grpc-util/0.31.0/opencensus-contrib-grpc-util-0.31.0.jar:/Users/aubreymalabie/.m2/repository/org/slf4j/slf4j-api/2.0.7/slf4j-api-2.0.7.jar:/Users/aubreymalabie/.m2/repository/io/netty/netty-codec-http/4.1.92.Final/netty-codec-http-4.1.92.Final.jar:/Users/aubreymalabie/.m2/repository/io/netty/netty-common/4.1.92.Final/netty-common-4.1.92.Final.jar:/Users/aubreymalabie/.m2/repository/io/netty/netty-buffer/4.1.92.Final/netty-buffer-4.1.92.Final.jar:/Users/aubreymalabie/.m2/repository/io/netty/netty-codec/4.1.92.Final/netty-codec-4.1.92.Final.jar:/Users/aubreymalabie/.m2/repository/io/netty/netty-handler/4.1.92.Final/netty-handler-4.1.92.Final.jar:/Users/aubreymalabie/.m2/repository/io/netty/netty-resolver/4.1.92.Final/netty-resolver-4.1.92.Final.jar:/Users/aubreymalabie/.m2/repository/io/netty/netty-transport-native-unix-common/4.1.92.Final/netty-transport-native-unix-common-4.1.92.Final.jar:/Users/aubreymalabie/.m2/repository/io/netty/netty-transport/4.1.92.Final/netty-transport-4.1.92.Final.jar:/Users/aubreymalabie/.m2/repository/com/squareup/okhttp/okhttp/2.7.5/okhttp-2.7.5.jar:/Users/aubreymalabie/.m2/repository/com/squareup/okio/okio/1.6.0/okio-1.6.0.jar:/Users/aubreymalabie/.m2/repository/joda-time/joda-time/2.12.1/joda-time-2.12.1.jar:/Users/aubreymalabie/.m2/repository/org/json/json/20220924/json-20220924.jar:/Users/aubreymalabie/.m2/repository/org/projectlombok/lombok/1.18.26/lombok-1.18.26.jar:/Users/aubreymalabie/.m2/repository/com/googlecode/json-simple/json-simple/1.1.1/json-simple-1.1.1.jar:/Users/aubreymalabie/.m2/repository/junit/junit/4.13.2/junit-4.13.2.jar:/Users/aubreymalabie/.m2/repository/org/hamcrest/hamcrest-core/2.2/hamcrest-core-2.2.jar:/Users/aubreymalabie/.m2/repository/io/projectreactor/reactor-core/3.5.6/reactor-core-3.5.6.jar:/Users/aubreymalabie/.m2/repository/org/reactivestreams/reactive-streams/1.0.4/reactive-streams-1.0.4.jar:/Users/aubreymalabie/.m2/repository/com/google/cloud/google-cloud-secretmanager/2.1.4/google-cloud-secretmanager-2.1.4.jar:/Users/aubreymalabie/.m2/repository/io/grpc/grpc-api/1.45.0/grpc-api-1.45.0.jar:/Users/aubreymalabie/.m2/repository/io/grpc/grpc-context/1.45.0/grpc-context-1.45.0.jar:/Users/aubreymalabie/.m2/repository/com/google/code/findbugs/jsr305/3.0.2/jsr305-3.0.2.jar:/Users/aubreymalabie/.m2/repository/com/google/errorprone/error_prone_annotations/2.11.0/error_prone_annotations-2.11.0.jar:/Users/aubreymalabie/.m2/repository/io/grpc/grpc-stub/1.45.0/grpc-stub-1.45.0.jar:/Users/aubreymalabie/.m2/repository/io/grpc/grpc-protobuf/1.45.0/grpc-protobuf-1.45.0.jar:/Users/aubreymalabie/.m2/repository/io/grpc/grpc-protobuf-lite/1.45.0/grpc-protobuf-lite-1.45.0.jar:/Users/aubreymalabie/.m2/repository/javax/annotation/javax.annotation-api/1.3.2/javax.annotation-api-1.3.2.jar:/Users/aubreymalabie/.m2/repository/com/google/auto/value/auto-value-annotations/1.9/auto-value-annotations-1.9.jar:/Users/aubreymalabie/.m2/repository/com/google/protobuf/protobuf-java/3.19.4/protobuf-java-3.19.4.jar:/Users/aubreymalabie/.m2/repository/com/google/api/grpc/proto-google-common-protos/2.8.0/proto-google-common-protos-2.8.0.jar:/Users/aubreymalabie/.m2/repository/com/google/api/grpc/proto-google-iam-v1/1.2.10/proto-google-iam-v1-1.2.10.jar:/Users/aubreymalabie/.m2/repository/com/google/api/grpc/proto-google-cloud-secretmanager-v1/2.1.4/proto-google-cloud-secretmanager-v1-2.1.4.jar:/Users/aubreymalabie/.m2/repository/com/google/api/grpc/proto-google-cloud-secretmanager-v1beta1/2.1.4/proto-google-cloud-secretmanager-v1beta1-2.1.4.jar:/Users/aubreymalabie/.m2/repository/com/google/guava/failureaccess/1.0.1/failureaccess-1.0.1.jar:/Users/aubreymalabie/.m2/repository/com/google/guava/listenablefuture/9999.0-empty-to-avoid-conflict-with-guava/listenablefuture-9999.0-empty-to-avoid-conflict-with-guava.jar:/Users/aubreymalabie/.m2/repository/org/checkerframework/checker-qual/3.21.3/checker-qual-3.21.3.jar:/Users/aubreymalabie/.m2/repository/com/google/j2objc/j2objc-annotations/1.3/j2objc-annotations-1.3.jar:/Users/aubreymalabie/.m2/repository/com/google/api/gax/2.13.0/gax-2.13.0.jar:/Users/aubreymalabie/.m2/repository/com/google/auth/google-auth-library-credentials/1.6.0/google-auth-library-credentials-1.6.0.jar:/Users/aubreymalabie/.m2/repository/org/apache/httpcomponents/httpclient/4.5.13/httpclient-4.5.13.jar:/Users/aubreymalabie/.m2/repository/commons-logging/commons-logging/1.2/commons-logging-1.2.jar:/Users/aubreymalabie/.m2/repository/commons-codec/commons-codec/1.15/commons-codec-1.15.jar:/Users/aubreymalabie/.m2/repository/org/apache/httpcomponents/httpcore/4.4.16/httpcore-4.4.16.jar:/Users/aubreymalabie/.m2/repository/io/opencensus/opencensus-contrib-http-util/0.31.0/opencensus-contrib-http-util-0.31.0.jar:/Users/aubreymalabie/.m2/repository/com/google/http-client/google-http-client-gson/1.41.5/google-http-client-gson-1.41.5.jar:/Users/aubreymalabie/.m2/repository/io/opencensus/opencensus-api/0.31.0/opencensus-api-0.31.0.jar:/Users/aubreymalabie/.m2/repository/com/google/api/gax-grpc/2.13.0/gax-grpc-2.13.0.jar:/Users/aubreymalabie/.m2/repository/io/grpc/grpc-alts/1.45.0/grpc-alts-1.45.0.jar:/Users/aubreymalabie/.m2/repository/io/grpc/grpc-grpclb/1.45.0/grpc-grpclb-1.45.0.jar:/Users/aubreymalabie/.m2/repository/org/conscrypt/conscrypt-openjdk-uber/2.5.1/conscrypt-openjdk-uber-2.5.1.jar:/Users/aubreymalabie/.m2/repository/io/grpc/grpc-auth/1.45.0/grpc-auth-1.45.0.jar:/Users/aubreymalabie/.m2/repository/io/grpc/grpc-netty-shaded/1.45.0/grpc-netty-shaded-1.45.0.jar:/Users/aubreymalabie/.m2/repository/io/perfmark/perfmark-api/0.23.0/perfmark-api-0.23.0.jar:/Users/aubreymalabie/.m2/repository/io/grpc/grpc-core/1.45.0/grpc-core-1.45.0.jar:/Users/aubreymalabie/.m2/repository/com/google/android/annotations/4.1.1.4/annotations-4.1.1.4.jar:/Users/aubreymalabie/.m2/repository/org/codehaus/mojo/animal-sniffer-annotations/1.21/animal-sniffer-annotations-1.21.jar:/Users/aubreymalabie/.m2/repository/io/grpc/grpc-xds/1.45.0/grpc-xds-1.45.0.jar:/Users/aubreymalabie/.m2/repository/io/grpc/grpc-services/1.45.0/grpc-services-1.45.0.jar:/Users/aubreymalabie/.m2/repository/com/google/code/gson/gson/2.10.1/gson-2.10.1.jar:/Users/aubreymalabie/.m2/repository/com/google/re2j/re2j/1.5/re2j-1.5.jar:/Users/aubreymalabie/.m2/repository/org/bouncycastle/bcpkix-jdk15on/1.67/bcpkix-jdk15on-1.67.jar:/Users/aubreymalabie/.m2/repository/org/bouncycastle/bcprov-jdk15on/1.67/bcprov-jdk15on-1.67.jar:/Users/aubreymalabie/.m2/repository/io/opencensus/opencensus-proto/0.2.0/opencensus-proto-0.2.0.jar:/Users/aubreymalabie/.m2/repository/com/google/protobuf/protobuf-java-util/3.19.4/protobuf-java-util-3.19.4.jar:/Users/aubreymalabie/.m2/repository/org/threeten/threetenbp/1.6.0/threetenbp-1.6.0.jar:/Users/aubreymalabie/.m2/repository/com/google/api-client/google-api-client/1.32.1/google-api-client-1.32.1.jar:/Users/aubreymalabie/.m2/repository/com/google/oauth-client/google-oauth-client/1.31.5/google-oauth-client-1.31.5.jar:/Users/aubreymalabie/.m2/repository/com/google/http-client/google-http-client-apache-v2/1.41.5/google-http-client-apache-v2-1.41.5.jar:/Users/aubreymalabie/.m2/repository/org/springframework/boot/spring-boot-actuator/2.7.4/spring-boot-actuator-2.7.4.jar:/Users/aubreymalabie/.m2/repository/org/springframework/boot/spring-boot/3.1.0/spring-boot-3.1.0.jar:/Users/aubreymalabie/.m2/repository/com/github/vladimir-bukhtoyarov/bucket4j-core/7.6.0/bucket4j-core-7.6.0.jar:/Users/aubreymalabie/.m2/repository/commons-io/commons-io/2.11.0/commons-io-2.11.0.jar:/Users/aubreymalabie/.m2/repository/jakarta/activation/jakarta.activation-api/2.1.2/jakarta.activation-api-2.1.2.jar:/Users/aubreymalabie/.m2/repository/de/flapdoodle/embed/de.flapdoodle.embed.mongo/4.6.2/de.flapdoodle.embed.mongo-4.6.2.jar:/Users/aubreymalabie/.m2/repository/de/flapdoodle/embed/de.flapdoodle.embed.process/4.6.1/de.flapdoodle.embed.process-4.6.1.jar:/Users/aubreymalabie/.m2/repository/de/flapdoodle/reverse/de.flapdoodle.reverse/1.5.2/de.flapdoodle.reverse-1.5.2.jar:/Users/aubreymalabie/.m2/repository/de/flapdoodle/graph/de.flapdoodle.graph/1.2.3/de.flapdoodle.graph-1.2.3.jar:/Users/aubreymalabie/.m2/repository/org/jgrapht/jgrapht-core/1.4.0/jgrapht-core-1.4.0.jar:/Users/aubreymalabie/.m2/repository/org/jheaps/jheaps/0.11/jheaps-0.11.jar:/Users/aubreymalabie/.m2/repository/de/flapdoodle/java8/de.flapdoodle.java8/1.3.2/de.flapdoodle.java8-1.3.2.jar:/Users/aubreymalabie/.m2/repository/org/apache/commons/commons-lang3/3.12.0/commons-lang3-3.12.0.jar:/Users/aubreymalabie/.m2/repository/org/apache/commons/commons-compress/1.22/commons-compress-1.22.jar:/Users/aubreymalabie/.m2/repository/net/java/dev/jna/jna/5.13.0/jna-5.13.0.jar:/Users/aubreymalabie/.m2/repository/net/java/dev/jna/jna-platform/5.13.0/jna-platform-5.13.0.jar:/Users/aubreymalabie/.m2/repository/de/flapdoodle/de.flapdoodle.os-api/1.3.1/de.flapdoodle.os-api-1.3.1.jar:/Users/aubreymalabie/.m2/repository/de/flapdoodle/embed/de.flapdoodle.embed.mongo.packageresolver/4.5.3/de.flapdoodle.embed.mongo.packageresolver-4.5.3.jar:/Users/aubreymalabie/.m2/repository/de/flapdoodle/de.flapdoodle.os/1.3.3/de.flapdoodle.os-1.3.3.jar:/Users/aubreymalabie/.m2/repository/com/google/cloud/spring-cloud-gcp-starter-secretmanager/4.1.1/spring-cloud-gcp-starter-secretmanager-4.1.1.jar:/Users/aubreymalabie/.m2/repository/com/google/cloud/spring-cloud-gcp-starter/4.1.1/spring-cloud-gcp-starter-4.1.1.jar:/Users/aubreymalabie/.m2/repository/com/google/cloud/spring-cloud-gcp-core/4.1.1/spring-cloud-gcp-core-4.1.1.jar:/Users/aubreymalabie/.m2/repository/com/google/cloud/spring-cloud-gcp-autoconfigure/4.1.1/spring-cloud-gcp-autoconfigure-4.1.1.jar:/Users/aubreymalabie/.m2/repository/org/springframework/cloud/spring-cloud-context/4.0.1/spring-cloud-context-4.0.1.jar:/Users/aubreymalabie/.m2/repository/org/springframework/security/spring-security-crypto/6.1.0/spring-security-crypto-6.1.0.jar:/Users/aubreymalabie/.m2/repository/com/google/cloud/spring-cloud-gcp-secretmanager/4.1.1/spring-cloud-gcp-secretmanager-4.1.1.jar:/Users/aubreymalabie/.m2/repository/com/google/cloud/google-cloud-translate/2.1.12/google-cloud-translate-2.1.12.jar:/Users/aubreymalabie/.m2/repository/com/google/api/grpc/proto-google-cloud-translate-v3beta1/0.83.12/proto-google-cloud-translate-v3beta1-0.83.12.jar:/Users/aubreymalabie/.m2/repository/com/google/api/grpc/proto-google-cloud-translate-v3/2.1.12/proto-google-cloud-translate-v3-2.1.12.jar:/Users/aubreymalabie/.m2/repository/com/google/cloud/google-cloud-core/2.5.11/google-cloud-core-2.5.11.jar:/Users/aubreymalabie/.m2/repository/com/google/cloud/google-cloud-core-http/2.5.11/google-cloud-core-http-2.5.11.jar:/Users/aubreymalabie/.m2/repository/com/google/http-client/google-http-client-appengine/1.41.5/google-http-client-appengine-1.41.5.jar:/Users/aubreymalabie/.m2/repository/com/google/api/gax-httpjson/0.98.0/gax-httpjson-0.98.0.jar:/Users/aubreymalabie/.m2/repository/com/google/apis/google-api-services-translate/v2-rev20170525-1.32.1/google-api-services-translate-v2-rev20170525-1.32.1.jar:/Users/aubreymalabie/.m2/repository/com/google/http-client/google-http-client-jackson2/1.41.5/google-http-client-jackson2-1.41.5.jar:/Users/aubreymalabie/.m2/repository/org/springdoc/springdoc-openapi-starter-webmvc-ui/2.0.0/springdoc-openapi-starter-webmvc-ui-2.0.0.jar:/Users/aubreymalabie/.m2/repository/org/springdoc/springdoc-openapi-starter-webmvc-api/2.0.0/springdoc-openapi-starter-webmvc-api-2.0.0.jar:/Users/aubreymalabie/.m2/repository/org/springdoc/springdoc-openapi-starter-common/2.0.0/springdoc-openapi-starter-common-2.0.0.jar:/Users/aubreymalabie/.m2/repository/io/swagger/core/v3/swagger-core-jakarta/2.2.7/swagger-core-jakarta-2.2.7.jar:/Users/aubreymalabie/.m2/repository/io/swagger/core/v3/swagger-annotations-jakarta/2.2.7/swagger-annotations-jakarta-2.2.7.jar:/Users/aubreymalabie/.m2/repository/io/swagger/core/v3/swagger-models-jakarta/2.2.7/swagger-models-jakarta-2.2.7.jar:/Users/aubreymalabie/.m2/repository/jakarta/validation/jakarta.validation-api/3.0.2/jakarta.validation-api-3.0.2.jar:/Users/aubreymalabie/.m2/repository/com/fasterxml/jackson/dataformat/jackson-dataformat-yaml/2.15.0/jackson-dataformat-yaml-2.15.0.jar:/Users/aubreymalabie/.m2/repository/org/webjars/swagger-ui/4.15.5/swagger-ui-4.15.5.jar:/Users/aubreymalabie/.m2/repository/org/webjars/webjars-locator-core/0.52/webjars-locator-core-0.52.jar:/Users/aubreymalabie/.m2/repository/io/github/classgraph/classgraph/4.8.149/classgraph-4.8.149.jar:/Users/aubreymalabie/.m2/repository/org/springdoc/springdoc-openapi-data-rest/1.6.14/springdoc-openapi-data-rest-1.6.14.jar:/Users/aubreymalabie/.m2/repository/org/springdoc/springdoc-openapi-hateoas/1.6.14/springdoc-openapi-hateoas-1.6.14.jar:/Users/aubreymalabie/.m2/repository/org/springdoc/springdoc-openapi-common/1.6.14/springdoc-openapi-common-1.6.14.jar:/Users/aubreymalabie/.m2/repository/io/swagger/core/v3/swagger-core/2.2.7/swagger-core-2.2.7.jar:/Users/aubreymalabie/.m2/repository/io/swagger/core/v3/swagger-annotations/2.2.7/swagger-annotations-2.2.7.jar:/Users/aubreymalabie/.m2/repository/io/swagger/core/v3/swagger-models/2.2.7/swagger-models-2.2.7.jar:/Users/aubreymalabie/.m2/repository/org/springframework/hateoas/spring-hateoas/2.1.0/spring-hateoas-2.1.0.jar:/Users/aubreymalabie/.m2/repository/org/springframework/data/spring-data-rest-core/4.1.0/spring-data-rest-core-4.1.0.jar:/Users/aubreymalabie/.m2/repository/org/springframework/plugin/spring-plugin-core/3.0.0/spring-plugin-core-3.0.0.jar:/Users/aubreymalabie/.m2/repository/org/atteo/evo-inflector/1.3/evo-inflector-1.3.jar:/Users/aubreymalabie/.m2/repository/org/springframework/restdocs/spring-restdocs-mockmvc/3.0.0/spring-restdocs-mockmvc-3.0.0.jar:/Users/aubreymalabie/.m2/repository/org/springframework/restdocs/spring-restdocs-core/3.0.0/spring-restdocs-core-3.0.0.jar:/Users/aubreymalabie/.m2/repository/jakarta/servlet/jakarta.servlet-api/6.0.0/jakarta.servlet-api-6.0.0.jar:/Users/aubreymalabie/.m2/repository/com/intuit/quickbooks-online/ipp-v3-java-data/6.0.7/ipp-v3-java-data-6.0.7.jar:/Users/aubreymalabie/.m2/repository/org/jvnet/jaxb2_commons/jaxb2-basics-runtime/1.11.1/jaxb2-basics-runtime-1.11.1.jar:/Users/aubreymalabie/.m2/repository/org/jvnet/jaxb2_commons/jaxb2-commons-lang/2.4/jaxb2-commons-lang-2.4.jar:/Users/aubreymalabie/.m2/repository/com/fasterxml/jackson/core/jackson-annotations/2.15.0/jackson-annotations-2.15.0.jar:/Users/aubreymalabie/.m2/repository/javax/xml/bind/jaxb-api/2.3.1/jaxb-api-2.3.1.jar:/Users/aubreymalabie/.m2/repository/javax/activation/javax.activation-api/1.2.0/javax.activation-api-1.2.0.jar:/Users/aubreymalabie/.m2/repository/org/glassfish/jaxb/jaxb-runtime/4.0.2/jaxb-runtime-4.0.2.jar:/Users/aubreymalabie/.m2/repository/org/glassfish/jaxb/jaxb-core/4.0.2/jaxb-core-4.0.2.jar:/Users/aubreymalabie/.m2/repository/org/glassfish/jaxb/txw2/4.0.2/txw2-4.0.2.jar:/Users/aubreymalabie/.m2/repository/com/sun/istack/istack-commons-runtime/4.1.1/istack-commons-runtime-4.1.1.jar:/Users/aubreymalabie/.m2/repository/com/sun/xml/bind/jaxb-core/4.0.2/jaxb-core-4.0.2.jar:/Users/aubreymalabie/.m2/repository/com/sun/xml/bind/jaxb-impl/4.0.2/jaxb-impl-4.0.2.jar:/Users/aubreymalabie/.m2/repository/org/apache/ant/ant/1.10.6/ant-1.10.6.jar:/Users/aubreymalabie/.m2/repository/org/apache/ant/ant-launcher/1.10.6/ant-launcher-1.10.6.jar:/Users/aubreymalabie/.m2/repository/com/intuit/quickbooks-online/oauth2-platform-api/6.0.7/oauth2-platform-api-6.0.7-jar-with-dependencies.jar:/Users/aubreymalabie/.m2/repository/commons-lang/commons-lang/2.6/commons-lang-2.6.jar:/Users/aubreymalabie/.m2/repository/oauth/signpost/signpost-core/1.2.1.1/signpost-core-1.2.1.1.jar:/Users/aubreymalabie/.m2/repository/oauth/signpost/signpost-commonshttp4/1.2/signpost-commonshttp4-1.2.jar:/Users/aubreymalabie/.m2/repository/com/fasterxml/jackson/core/jackson-databind/2.15.0/jackson-databind-2.15.0.jar:/Users/aubreymalabie/.m2/repository/com/fasterxml/jackson/core/jackson-core/2.15.0-rc2/jackson-core-2.15.0-rc2.jar:/Users/aubreymalabie/.m2/repository/com/fasterxml/jackson/dataformat/jackson-dataformat-csv/2.15.0-rc2/jackson-dataformat-csv-2.15.0-rc2.jar:/Users/aubreymalabie/.m2/repository/com/google/guava/guava/31.1-jre/guava-31.1-jre.jar:/Users/aubreymalabie/.m2/repository/com/github/ben-manes/caffeine/caffeine/2.8.2/caffeine-2.8.2.jar:/Users/aubreymalabie/.m2/repository/org/springframework/boot/spring-boot-starter-aop/3.1.0/spring-boot-starter-aop-3.1.0.jar:/Users/aubreymalabie/.m2/repository/org/springframework/spring-aop/6.0.9/spring-aop-6.0.9.jar:/Users/aubreymalabie/.m2/repository/org/aspectj/aspectjweaver/1.9.19/aspectjweaver-1.9.19.jar:/Users/aubreymalabie/.m2/repository/com/giffing/bucket4j/spring/boot/starter/bucket4j-spring-boot-starter/0.7.0/bucket4j-spring-boot-starter-0.7.0.jar:/Users/aubreymalabie/.m2/repository/com/giffing/bucket4j/spring/boot/starter/bucket4j-spring-boot-starter-context/0.7.0/bucket4j-spring-boot-starter-context-0.7.0.jar:/Users/aubreymalabie/.m2/repository/com/github/vladimir-bukhtoyarov/bucket4j-jcache/7.5.0/bucket4j-jcache-7.5.0.jar:/Users/aubreymalabie/.m2/repository/org/springframework/boot/spring-boot-starter-cache/3.1.0/spring-boot-starter-cache-3.1.0.jar:/Users/aubreymalabie/.m2/repository/javax/cache/cache-api/1.1.1/cache-api-1.1.1.jar:/Users/aubreymalabie/.m2/repository/com/github/ben-manes/caffeine/jcache/2.8.2/jcache-2.8.2.jar:/Users/aubreymalabie/.m2/repository/com/typesafe/config/1.4.0/config-1.4.0.jar:/Users/aubreymalabie/.m2/repository/javax/inject/javax.inject/1/javax.inject-1.jar:"/>
    <property name="sun.cpu.endian" value="little"/>
    <property name="user.home" value="/Users/aubreymalabie"/>
    <property name="user.language" value="en"/>
    <property name="java.specification.vendor" value="Oracle Corporation"/>
    <property name="java.version.date" value="2023-01-17"/>
    <property name="java.home" value="/Users/aubreymalabie/Library/Java/JavaVirtualMachines/openjdk-19.0.2-1/Contents/Home"/>
    <property name="file.separator" value="/"/>
    <property name="basedir" value="/Users/aubreymalabie/Work/aftarobot/kasie_transie_backend"/>
    <property name="java.vm.compressedOopsMode" value="Zero based"/>
    <property name="line.separator" value="&#10;"/>
    <property name="java.vm.specification.vendor" value="Oracle Corporation"/>
    <property name="java.specification.name" value="Java Platform API Specification"/>
    <property name="FILE_LOG_CHARSET" value="UTF-8"/>
    <property name="java.awt.headless" value="true"/>
    <property name="apple.awt.application.name" value="ForkedBooter"/>
    <property name="surefire.real.class.path" value="/Users/aubreymalabie/Work/aftarobot/kasie_transie_backend/target/surefire/surefirebooter-20230613013518113_3.jar"/>
    <property name="junit.platform.listeners.uid.tracking.enabled" value="true"/>
    <property name="sun.management.compiler" value="HotSpot 64-Bit Tiered Compilers"/>
    <property name="ftp.nonProxyHosts" value="local|*.local|169.254/16|*.169.254/16"/>
    <property name="junit.platform.listeners.uid.tracking.output.dir" value="/Users/aubreymalabie/Work/aftarobot/kasie_transie_backend/target/test-ids"/>
    <property name="java.runtime.version" value="19.0.2+7-44"/>
    <property name="user.name" value="aubreymalabie"/>
    <property name="stdout.encoding" value="UTF-8"/>
    <property name="path.separator" value=":"/>
    <property name="os.version" value="13.3.1"/>
    <property name="java.runtime.name" value="OpenJDK Runtime Environment"/>
    <property name="file.encoding" value="UTF-8"/>
    <property name="java.vm.name" value="OpenJDK 64-Bit Server VM"/>
    <property name="localRepository" value="/Users/aubreymalabie/.m2/repository"/>
    <property name="java.vendor.url.bug" value="https://bugreport.java.com/bugreport/"/>
    <property name="java.io.tmpdir" value="/var/folders/xg/dm5xlygj10n4b2pkmmkwhdpw0000gn/T/"/>
    <property name="java.version" value="19.0.2"/>
    <property name="user.dir" value="/Users/aubreymalabie/Work/aftarobot/kasie_transie_backend"/>
    <property name="os.arch" value="aarch64"/>
    <property name="java.vm.specification.name" value="Java Virtual Machine Specification"/>
    <property name="PID" value="20851"/>
    <property name="CONSOLE_LOG_CHARSET" value="UTF-8"/>
    <property name="native.encoding" value="UTF-8"/>
    <property name="java.library.path" value="/Users/aubreymalabie/Library/Java/Extensions:/Library/Java/Extensions:/Network/Library/Java/Extensions:/System/Library/Java/Extensions:/usr/lib/java:."/>
    <property name="java.vm.info" value="mixed mode, sharing"/>
    <property name="stderr.encoding" value="UTF-8"/>
    <property name="java.vendor" value="Oracle Corporation"/>
    <property name="java.vm.version" value="19.0.2+7-44"/>
    <property name="sun.io.unicode.encoding" value="UnicodeBig"/>
    <property name="socksNonProxyHosts" value="local|*.local|169.254/16|*.169.254/16"/>
    <property name="java.class.version" value="63.0"/>
  </properties>
  <testcase name="contextLoads" classname="com.boha.kasietransie.KasieTransieBackendApplicationTests" time="0.457">
    <system-out><![CDATA[01:35:18.606 [main] INFO org.springframework.test.context.support.AnnotationConfigContextLoaderUtils -- Could not detect default configuration classes for test class [com.boha.kasietransie.KasieTransieBackendApplicationTests]: KasieTransieBackendApplicationTests does not declare any static, non-private, non-final, nested classes annotated with @Configuration.
01:35:18.671 [main] INFO org.springframework.boot.test.context.SpringBootTestContextBootstrapper -- Found @SpringBootConfiguration com.boha.kasietransie.KasieTransieBackendApplication for test class com.boha.kasietransie.KasieTransieBackendApplicationTests

  .   ____          _            __ _ _
 /\\ / ___'_ __ _ _(_)_ __  __ _ \ \ \ \
( ( )\___ | '_ | '_| | '_ \/ _` | \ \ \ \
 \\/  ___)| |_)| | | | | || (_| |  ) ) ) )
  '  |____| .__|_| |_|_| |_\__, | / / / /
 =========|_|==============|___/=/_/_/_/
 :: Spring Boot ::                (v3.1.0)

2023-06-13T01:35:18.910+02:00  WARN 20851 --- [           main] ory$DuplicateJsonObjectContextCustomizer : 

Found multiple occurrences of org.json.JSONObject on the class path:

	jar:file:/Users/aubreymalabie/.m2/repository/com/vaadin/external/google/android-json/0.0.20131108.vaadin1/android-json-0.0.20131108.vaadin1.jar!/org/json/JSONObject.class
	jar:file:/Users/aubreymalabie/.m2/repository/org/json/json/20220924/json-20220924.jar!/org/json/JSONObject.class
	jar:file:/Users/aubreymalabie/.m2/repository/com/intuit/quickbooks-online/oauth2-platform-api/6.0.7/oauth2-platform-api-6.0.7-jar-with-dependencies.jar!/org/json/JSONObject.class

You may wish to exclude one of them to ensure predictable runtime behavior

2023-06-13T01:35:18.923+02:00  INFO 20851 --- [           main] .b.k.KasieTransieBackendApplicationTests : Starting KasieTransieBackendApplicationTests using Java 19.0.2 with PID 20851 (started by aubreymalabie in /Users/aubreymalabie/Work/aftarobot/kasie_transie_backend)
2023-06-13T01:35:18.924+02:00  INFO 20851 --- [           main] .b.k.KasieTransieBackendApplicationTests : The following 1 profile is active: "prod"
2023-06-13T01:35:19.367+02:00  INFO 20851 --- [           main] .s.d.r.c.RepositoryConfigurationDelegate : Bootstrapping Spring Data MongoDB repositories in DEFAULT mode.
2023-06-13T01:35:19.378+02:00  INFO 20851 --- [           main] .s.d.r.c.RepositoryConfigurationDelegate : Finished Spring Data repository scanning in 7 ms. Found 0 MongoDB repository interfaces.
2023-06-13T01:35:19.475+02:00  INFO 20851 --- [           main] o.s.cloud.context.scope.GenericScope     : BeanFactory id=3d9ec4fe-726c-3769-a147-cc47bd73d94c
2023-06-13T01:35:20.454+02:00  INFO 20851 --- [           main] c.g.c.s.core.DefaultCredentialsProvider  : Default credentials provider for service account firebase-adminsdk-8y4e9@thermal-effort-366015.iam.gserviceaccount.com
2023-06-13T01:35:20.454+02:00  INFO 20851 --- [           main] c.g.c.s.core.DefaultCredentialsProvider  : Scopes in use by default credentials: [https://www.googleapis.com/auth/pubsub, https://www.googleapis.com/auth/spanner.admin, https://www.googleapis.com/auth/spanner.data, https://www.googleapis.com/auth/datastore, https://www.googleapis.com/auth/sqlservice.admin, https://www.googleapis.com/auth/devstorage.read_only, https://www.googleapis.com/auth/devstorage.read_write, https://www.googleapis.com/auth/cloudruntimeconfig, https://www.googleapis.com/auth/trace.append, https://www.googleapis.com/auth/cloud-platform, https://www.googleapis.com/auth/cloud-vision, https://www.googleapis.com/auth/bigquery, https://www.googleapis.com/auth/monitoring.write]
2023-06-13T01:35:20.458+02:00  INFO 20851 --- [           main] c.g.c.s.a.c.GcpContextAutoConfiguration  : The default project ID is thermal-effort-366015
2023-06-13T01:35:21.316+02:00  INFO 20851 --- [           main] org.mongodb.driver.client                : MongoClient with metadata {"driver": {"name": "mongo-java-driver|sync|spring-boot", "version": "4.9.1"}, "os": {"type": "Darwin", "name": "Mac OS X", "architecture": "aarch64", "version": "13.3.1"}, "platform": "Java/Oracle Corporation/19.0.2+7-44"} created with settings MongoClientSettings{readPreference=primary, writeConcern=WriteConcern{w=null, wTimeout=null ms, journal=null}, retryWrites=true, retryReads=true, readConcern=ReadConcern{level=null}, credential=null, streamFactoryFactory=null, commandListeners=[], codecRegistry=ProvidersCodecRegistry{codecProviders=[ValueCodecProvider{}, BsonValueCodecProvider{}, DBRefCodecProvider{}, DBObjectCodecProvider{}, DocumentCodecProvider{}, CollectionCodecProvider{}, IterableCodecProvider{}, MapCodecProvider{}, GeoJsonCodecProvider{}, GridFSFileCodecProvider{}, Jsr310CodecProvider{}, JsonObjectCodecProvider{}, BsonCodecProvider{}, EnumCodecProvider{}, com.mongodb.client.model.mql.ExpressionCodecProvider@683ed81b, com.mongodb.Jep395RecordCodecProvider@3c116f26]}, loggerSettings=LoggerSettings{maxDocumentLength=1000}, clusterSettings={hosts=[localhost:27017], srvServiceName=mongodb, mode=SINGLE, requiredClusterType=UNKNOWN, requiredReplicaSetName='null', serverSelector='null', clusterListeners='[]', serverSelectionTimeout='30000 ms', localThreshold='30000 ms'}, socketSettings=SocketSettings{connectTimeoutMS=10000, readTimeoutMS=0, receiveBufferSize=0, sendBufferSize=0}, heartbeatSocketSettings=SocketSettings{connectTimeoutMS=10000, readTimeoutMS=10000, receiveBufferSize=0, sendBufferSize=0}, connectionPoolSettings=ConnectionPoolSettings{maxSize=100, minSize=0, maxWaitTimeMS=120000, maxConnectionLifeTimeMS=0, maxConnectionIdleTimeMS=0, maintenanceInitialDelayMS=0, maintenanceFrequencyMS=60000, connectionPoolListeners=[], maxConnecting=2}, serverSettings=ServerSettings{heartbeatFrequencyMS=10000, minHeartbeatFrequencyMS=500, serverListeners='[]', serverMonitorListeners='[]'}, sslSettings=SslSettings{enabled=false, invalidHostNameAllowed=false, context=null}, applicationName='null', compressorList=[], uuidRepresentation=JAVA_LEGACY, serverApi=null, autoEncryptionSettings=null, contextProvider=null}
2023-06-13T01:35:21.334+02:00  INFO 20851 --- [localhost:27017] org.mongodb.driver.cluster               : Monitor thread successfully connected to server with description ServerDescription{address=localhost:27017, type=STANDALONE, state=CONNECTED, ok=true, minWireVersion=0, maxWireVersion=17, maxDocumentSize=16777216, logicalSessionTimeoutMinutes=30, roundTripTimeNanos=10471667}
2023-06-13T01:35:21.483+02:00  INFO 20851 --- [           main] .b.k.KasieTransieBackendApplicationTests : Started KasieTransieBackendApplicationTests in 2.737 seconds (process running for 3.288)
]]></system-out>
  </testcase>
</testsuite>